[INFO ] 2019-03-05 12:49:28 [restartedMain] c.n.m.Dept_8001_StartSpringCloudApplication - Starting Dept_8001_StartSpringCloudApplication on DESKTOP-2P4FE58 with PID 11644 (D:\WorkSpaceGit\microcloud\microcloud-provider-dept-8001\target\classes started by ami in D:\WorkSpaceGit\microcloud)
[INFO ] 2019-03-05 12:49:28 [restartedMain] c.n.m.Dept_8001_StartSpringCloudApplication - No active profile set, falling back to default profiles: default
[INFO ] 2019-03-05 12:49:28 [restartedMain] o.s.b.c.e.AnnotationConfigEmbeddedWebApplicationContext - Refreshing org.springframework.boot.context.embedded.AnnotationConfigEmbeddedWebApplicationContext@39871ba3: startup date [Tue Mar 05 12:49:28 CST 2019]; root of context hierarchy
[INFO ] 2019-03-05 12:49:28 [background-preinit] o.h.validator.internal.util.Version - HV000001: Hibernate Validator 5.3.5.Final
[INFO ] 2019-03-05 12:49:28 [restartedMain] org.eclipse.jetty.util.log - Logging initialized @5003ms to org.eclipse.jetty.util.log.Slf4jLog
[INFO ] 2019-03-05 12:49:28 [restartedMain] o.s.b.c.e.j.JettyEmbeddedServletContainerFactory - Server initialized with port: 8001
[INFO ] 2019-03-05 12:49:28 [restartedMain] org.eclipse.jetty.server.Server - jetty-9.4.5.v20170502
[INFO ] 2019-03-05 12:49:28 [restartedMain] org.eclipse.jetty.server.session - DefaultSessionIdManager workerName=node0
[INFO ] 2019-03-05 12:49:28 [restartedMain] org.eclipse.jetty.server.session - No SessionScavenger set, using defaults
[INFO ] 2019-03-05 12:49:28 [restartedMain] org.eclipse.jetty.server.session - Scavenging every 600000ms
[INFO ] 2019-03-05 12:49:28 [restartedMain] o.e.j.s.h.ContextHandler.application - Initializing Spring embedded WebApplicationContext
[INFO ] 2019-03-05 12:49:28 [restartedMain] o.s.web.context.ContextLoader - Root WebApplicationContext: initialization completed in 4471 ms
[INFO ] 2019-03-05 12:49:28 [restartedMain] o.s.b.w.s.ServletRegistrationBean - Mapping servlet: 'dispatcherServlet' to [/]
[INFO ] 2019-03-05 12:49:28 [restartedMain] o.s.b.w.s.FilterRegistrationBean - Mapping filter: 'characterEncodingFilter' to: [/*]
[INFO ] 2019-03-05 12:49:28 [restartedMain] o.s.b.w.s.FilterRegistrationBean - Mapping filter: 'hiddenHttpMethodFilter' to: [/*]
[INFO ] 2019-03-05 12:49:28 [restartedMain] o.s.b.w.s.FilterRegistrationBean - Mapping filter: 'httpPutFormContentFilter' to: [/*]
[INFO ] 2019-03-05 12:49:28 [restartedMain] o.s.b.w.s.FilterRegistrationBean - Mapping filter: 'requestContextFilter' to: [/*]
[INFO ] 2019-03-05 12:49:28 [restartedMain] o.e.j.server.handler.ContextHandler - Started o.s.b.c.e.j.JettyEmbeddedWebAppContext@6cc30387{/,[file:///C:/Users/ami/AppData/Local/Temp/jetty-docbase.4084140728987265686.8001/],AVAILABLE}
[INFO ] 2019-03-05 12:49:28 [restartedMain] org.eclipse.jetty.server.Server - Started @6536ms
[INFO ] 2019-03-05 12:49:28 [restartedMain] o.s.w.s.m.m.a.RequestMappingHandlerAdapter - Looking for @ControllerAdvice: org.springframework.boot.context.embedded.AnnotationConfigEmbeddedWebApplicationContext@39871ba3: startup date [Tue Mar 05 12:49:28 CST 2019]; root of context hierarchy
[INFO ] 2019-03-05 12:49:28 [restartedMain] o.s.w.s.m.m.a.RequestMappingHandlerMapping - Mapped "{[/dept/add],methods=[POST]}" onto private java.lang.Object com.niu.microcloud.rest.DeptRest.add(com.niu.vo.Dept)
[INFO ] 2019-03-05 12:49:28 [restartedMain] o.s.w.s.m.m.a.RequestMappingHandlerMapping - Mapped "{[/dept/get/{id}],methods=[GET]}" onto public java.lang.Object com.niu.microcloud.rest.DeptRest.get(long)
[INFO ] 2019-03-05 12:49:28 [restartedMain] o.s.w.s.m.m.a.RequestMappingHandlerMapping - Mapped "{[/dept/list],methods=[GET]}" onto private java.lang.Object com.niu.microcloud.rest.DeptRest.list()
[INFO ] 2019-03-05 12:49:28 [restartedMain] o.s.w.s.m.m.a.RequestMappingHandlerMapping - Mapped "{[/error]}" onto public org.springframework.http.ResponseEntity<java.util.Map<java.lang.String, java.lang.Object>> org.springframework.boot.autoconfigure.web.BasicErrorController.error(javax.servlet.http.HttpServletRequest)
[INFO ] 2019-03-05 12:49:28 [restartedMain] o.s.w.s.m.m.a.RequestMappingHandlerMapping - Mapped "{[/error],produces=[text/html]}" onto public org.springframework.web.servlet.ModelAndView org.springframework.boot.autoconfigure.web.BasicErrorController.errorHtml(javax.servlet.http.HttpServletRequest,javax.servlet.http.HttpServletResponse)
[INFO ] 2019-03-05 12:49:28 [restartedMain] o.s.w.s.h.SimpleUrlHandlerMapping - Mapped URL path [/webjars/**] onto handler of type [class org.springframework.web.servlet.resource.ResourceHttpRequestHandler]
[INFO ] 2019-03-05 12:49:28 [restartedMain] o.s.w.s.h.SimpleUrlHandlerMapping - Mapped URL path [/**] onto handler of type [class org.springframework.web.servlet.resource.ResourceHttpRequestHandler]
[INFO ] 2019-03-05 12:49:28 [restartedMain] o.s.w.s.h.SimpleUrlHandlerMapping - Mapped URL path [/**/favicon.ico] onto handler of type [class org.springframework.web.servlet.resource.ResourceHttpRequestHandler]
[INFO ] 2019-03-05 12:49:28 [restartedMain] o.s.j.e.a.AnnotationMBeanExporter - Registering beans for JMX exposure on startup
[INFO ] 2019-03-05 12:49:28 [restartedMain] o.s.j.e.a.AnnotationMBeanExporter - Bean with name 'dataSource' has been autodetected for JMX exposure
[INFO ] 2019-03-05 12:49:28 [restartedMain] o.s.j.e.a.AnnotationMBeanExporter - Located MBean 'dataSource': registering with JMX server as MBean [com.alibaba.druid.pool:name=dataSource,type=DruidDataSource]
[INFO ] 2019-03-05 12:49:28 [restartedMain] o.e.j.s.h.ContextHandler.application - Initializing Spring FrameworkServlet 'dispatcherServlet'
[INFO ] 2019-03-05 12:49:28 [restartedMain] o.s.web.servlet.DispatcherServlet - FrameworkServlet 'dispatcherServlet': initialization started
[INFO ] 2019-03-05 12:49:28 [restartedMain] o.s.web.servlet.DispatcherServlet - FrameworkServlet 'dispatcherServlet': initialization completed in 22 ms
[INFO ] 2019-03-05 12:49:28 [restartedMain] o.e.jetty.server.AbstractConnector - Started ServerConnector@48348738{HTTP/1.1,[http/1.1]}{0.0.0.0:8001}
[INFO ] 2019-03-05 12:49:28 [restartedMain] o.s.b.c.e.j.JettyEmbeddedServletContainer - Jetty started on port(s) 8001 (http/1.1)
[INFO ] 2019-03-05 12:49:28 [restartedMain] c.n.m.Dept_8001_StartSpringCloudApplication - Started Dept_8001_StartSpringCloudApplication in 7.044 seconds (JVM running for 8.002)
[INFO ] 2019-03-05 12:49:28 [qtp817338125-21] c.alibaba.druid.pool.DruidDataSource - {dataSource-1} inited
